Playwright Server running on http://localhost:3000
Headless mode: false
ACTION_DELAY_MULTIPLIER: 1
PAUSE_BEFORE_CLICK_MS: 1000
Screenshots directory: /Users/zaborstik/IdeaProjects/automation-platform/local-demo/screenshots
[ERROR] Command WAIT failed: page.waitForSelector: Timeout 15000ms exceeded.
Call log:
[2m  - waiting for locator('#readme') to be visible[22m

    at /Users/zaborstik/IdeaProjects/automation-platform/platform-agent/src/main/resources/playwright-server.js:311:32
    at Layer.handle (/Users/zaborstik/IdeaProjects/automation-platform/platform-agent/src/main/resources/node_modules/express/lib/router/layer.js:95:5)
    at next (/Users/zaborstik/IdeaProjects/automation-platform/platform-agent/src/main/resources/node_modules/express/lib/router/route.js:149:13)
    at Route.dispatch (/Users/zaborstik/IdeaProjects/automation-platform/platform-agent/src/main/resources/node_modules/express/lib/router/route.js:119:3)
    at Layer.handle (/Users/zaborstik/IdeaProjects/automation-platform/platform-agent/src/main/resources/node_modules/express/lib/router/layer.js:95:5)
    at /Users/zaborstik/IdeaProjects/automation-platform/platform-agent/src/main/resources/node_modules/express/lib/router/index.js:284:15
    at Function.process_params (/Users/zaborstik/IdeaProjects/automation-platform/platform-agent/src/main/resources/node_modules/express/lib/router/index.js:346:12)
    at next (/Users/zaborstik/IdeaProjects/automation-platform/platform-agent/src/main/resources/node_modules/express/lib/router/index.js:280:10)
    at /Users/zaborstik/IdeaProjects/automation-platform/platform-agent/src/main/resources/node_modules/body-parser/lib/read.js:137:5
    at invokeCallback (/Users/zaborstik/IdeaProjects/automation-platform/platform-agent/src/main/resources/node_modules/raw-body/index.js:238:16)
    at done (/Users/zaborstik/IdeaProjects/automation-platform/platform-agent/src/main/resources/node_modules/raw-body/index.js:227:7)
    at IncomingMessage.onEnd (/Users/zaborstik/IdeaProjects/automation-platform/platform-agent/src/main/resources/node_modules/raw-body/index.js:287:7) {
  name: 'TimeoutError'
}
[ERROR] Command WAIT failed: page.waitForSelector: Target page, context or browser has been closed
Call log:
[2m  - waiting for locator('#readme') to be visible[22m

    at /Users/zaborstik/IdeaProjects/automation-platform/platform-agent/src/main/resources/playwright-server.js:311:32
    at Layer.handle (/Users/zaborstik/IdeaProjects/automation-platform/platform-agent/src/main/resources/node_modules/express/lib/router/layer.js:95:5)
    at next (/Users/zaborstik/IdeaProjects/automation-platform/platform-agent/src/main/resources/node_modules/express/lib/router/route.js:149:13)
    at Route.dispatch (/Users/zaborstik/IdeaProjects/automation-platform/platform-agent/src/main/resources/node_modules/express/lib/router/route.js:119:3)
    at Layer.handle (/Users/zaborstik/IdeaProjects/automation-platform/platform-agent/src/main/resources/node_modules/express/lib/router/layer.js:95:5)
    at /Users/zaborstik/IdeaProjects/automation-platform/platform-agent/src/main/resources/node_modules/express/lib/router/index.js:284:15
    at Function.process_params (/Users/zaborstik/IdeaProjects/automation-platform/platform-agent/src/main/resources/node_modules/express/lib/router/index.js:346:12)
    at next (/Users/zaborstik/IdeaProjects/automation-platform/platform-agent/src/main/resources/node_modules/express/lib/router/index.js:280:10)
    at /Users/zaborstik/IdeaProjects/automation-platform/platform-agent/src/main/resources/node_modules/body-parser/lib/read.js:137:5
    at invokeCallback (/Users/zaborstik/IdeaProjects/automation-platform/platform-agent/src/main/resources/node_modules/raw-body/index.js:238:16)
    at done (/Users/zaborstik/IdeaProjects/automation-platform/platform-agent/src/main/resources/node_modules/raw-body/index.js:227:7)
    at IncomingMessage.onEnd (/Users/zaborstik/IdeaProjects/automation-platform/platform-agent/src/main/resources/node_modules/raw-body/index.js:287:7)
[ERROR] Command RESOLVE_COORDS failed: page.waitForSelector: Target page, context or browser has been closed
    at /Users/zaborstik/IdeaProjects/automation-platform/platform-agent/src/main/resources/playwright-server.js:335:28
    at Layer.handle (/Users/zaborstik/IdeaProjects/automation-platform/platform-agent/src/main/resources/node_modules/express/lib/router/layer.js:95:5)
    at next (/Users/zaborstik/IdeaProjects/automation-platform/platform-agent/src/main/resources/node_modules/express/lib/router/route.js:149:13)
    at Route.dispatch (/Users/zaborstik/IdeaProjects/automation-platform/platform-agent/src/main/resources/node_modules/express/lib/router/route.js:119:3)
    at Layer.handle (/Users/zaborstik/IdeaProjects/automation-platform/platform-agent/src/main/resources/node_modules/express/lib/router/layer.js:95:5)
    at /Users/zaborstik/IdeaProjects/automation-platform/platform-agent/src/main/resources/node_modules/express/lib/router/index.js:284:15
    at Function.process_params (/Users/zaborstik/IdeaProjects/automation-platform/platform-agent/src/main/resources/node_modules/express/lib/router/index.js:346:12)
    at next (/Users/zaborstik/IdeaProjects/automation-platform/platform-agent/src/main/resources/node_modules/express/lib/router/index.js:280:10)
    at /Users/zaborstik/IdeaProjects/automation-platform/platform-agent/src/main/resources/node_modules/body-parser/lib/read.js:137:5
    at invokeCallback (/Users/zaborstik/IdeaProjects/automation-platform/platform-agent/src/main/resources/node_modules/raw-body/index.js:238:16)
    at done (/Users/zaborstik/IdeaProjects/automation-platform/platform-agent/src/main/resources/node_modules/raw-body/index.js:227:7)
    at IncomingMessage.onEnd (/Users/zaborstik/IdeaProjects/automation-platform/platform-agent/src/main/resources/node_modules/raw-body/index.js:287:7)
[ERROR] Command WAIT failed: page.waitForSelector: Target page, context or browser has been closed
    at /Users/zaborstik/IdeaProjects/automation-platform/platform-agent/src/main/resources/playwright-server.js:311:32
    at Layer.handle (/Users/zaborstik/IdeaProjects/automation-platform/platform-agent/src/main/resources/node_modules/express/lib/router/layer.js:95:5)
    at next (/Users/zaborstik/IdeaProjects/automation-platform/platform-agent/src/main/resources/node_modules/express/lib/router/route.js:149:13)
    at Route.dispatch (/Users/zaborstik/IdeaProjects/automation-platform/platform-agent/src/main/resources/node_modules/express/lib/router/route.js:119:3)
    at Layer.handle (/Users/zaborstik/IdeaProjects/automation-platform/platform-agent/src/main/resources/node_modules/express/lib/router/layer.js:95:5)
    at /Users/zaborstik/IdeaProjects/automation-platform/platform-agent/src/main/resources/node_modules/express/lib/router/index.js:284:15
    at Function.process_params (/Users/zaborstik/IdeaProjects/automation-platform/platform-agent/src/main/resources/node_modules/express/lib/router/index.js:346:12)
    at next (/Users/zaborstik/IdeaProjects/automation-platform/platform-agent/src/main/resources/node_modules/express/lib/router/index.js:280:10)
    at /Users/zaborstik/IdeaProjects/automation-platform/platform-agent/src/main/resources/node_modules/body-parser/lib/read.js:137:5
    at invokeCallback (/Users/zaborstik/IdeaProjects/automation-platform/platform-agent/src/main/resources/node_modules/raw-body/index.js:238:16)
    at done (/Users/zaborstik/IdeaProjects/automation-platform/platform-agent/src/main/resources/node_modules/raw-body/index.js:227:7)
    at IncomingMessage.onEnd (/Users/zaborstik/IdeaProjects/automation-platform/platform-agent/src/main/resources/node_modules/raw-body/index.js:287:7)
